2015-04-27 11:40:32,177 - Spider.py[line:63] - INFO - bd -> Request for  'http://weigou.baidu.com/search?q=hi' , resp code is 200
2015-04-27 11:43:51,960 - Spider.py[line:63] - INFO - [spider: bd]-> Request for  'http://weigou.baidu.com/search?q=hi' , resp code is 200
2015-04-27 11:50:27,094 - Spider.py[line:64] - INFO - [spider: bd] Request for  'http://weigou.baidu.com/search?q=hi' , resp code is 200
2015-04-27 11:56:49,509 - Spider.py[line:64] - INFO - [spider: bd] Request for  'http://weigou.baidu.com/search?q=hi' , resp code is 200
2015-04-27 11:56:49,509 - bdwgpider.py[line:18] - INFO - Spider is bd
2015-04-27 11:56:49,549 - bdwgpider.py[line:129] - INFO - request for cate....
2015-04-27 11:56:49,713 - bdwgpider.py[line:37] - INFO - bd crawler item
2015-04-27 11:56:49,713 - bdwgpider.py[line:38] - INFO - {'price': u'11.70', 'image_url': 'http://t11.baidu.com/it/u=217922518,393770661&fm=58', 'good_url': u'http://weigou.baidu.com/site/transition?pid=377285685&merchant_name=%E4%BA%AC%E4%B8%9C%E5%95%86%E5%9F%8E&product_url=http%3A%2F%2Fitem.jd.com%2F10833769.html%3Fweigou_transition_key%3Db9229d3d0097a115ccad7df64e7681e4', 'good_name': u'\u6653\u5a1c\u59d0\u59d0\u6545\u4e8b\u5c4b\xb7Hi!\u738b\u5c0f\u5929\uff1a\u73ed\u957f\u60f9\u6765\u5927\u9ebb\u70e6', 'cate': u'\u5c11\u513f\u56fe\u4e66'}
2015-04-27 11:56:49,857 - bdwgpider.py[line:37] - INFO - bd crawler item
2015-04-27 11:56:49,858 - bdwgpider.py[line:38] - INFO - {'price': u'11.70', 'image_url': 'http://t11.baidu.com/it/u=1718004940,610303914&fm=58', 'good_url': u'http://weigou.baidu.com/site/transition?pid=377479555&merchant_name=%E4%BA%AC%E4%B8%9C%E5%95%86%E5%9F%8E&product_url=http%3A%2F%2Fitem.jd.com%2F10833770.html%3Fweigou_transition_key%3D88bb6bb95525f1068fa985f188092d51', 'good_name': u'\u6653\u5a1c\u59d0\u59d0\u6545\u4e8b\u5c4b\xb7Hi!\u738b\u5c0f\u5929\uff1a\u4e0d\u8981\u53eb\u6211\u7b28\u5c0f\u5b69', 'cate': u'\u5c11\u513f\u56fe\u4e66'}
2015-04-27 11:56:49,989 - bdwgpider.py[line:37] - INFO - bd crawler item
2015-04-27 11:56:50,059 - bdwgpider.py[line:38] - INFO - {'price': u'7.80', 'image_url': 'http://t12.baidu.com/it/u=4110343751,410686070&fm=58', 'good_url': u'http://weigou.baidu.com/site/transition?pid=189904042&merchant_name=%E5%BD%93%E5%BD%93%E7%BD%91&product_url=http%3A%2F%2Funion.dangdang.com%2Ftransfer.php%3Fsys_id%3D1%26ad_type%3D10%26from%3DP-323425-22534163-514acbc3fbd77%26backurl%3Dhttp%253A%252F%252Fproduct.dangdang.com%252F22534163.html%26weigou_transition_key%3D7e477bedc99dcaa0dcc729fb48278ccc', 'good_name': u'HI\uff01\u738b\u5c0f\u5929\uff1a\u4e0d\u8981\u53eb\u6211\u7b28\u5c0f\u5b69\uff08\u5168\u56fdTop10\u7545\u9500\u5c11\u513f\u4f5c\u5bb6\u5546\u6653\u5a1c\u6821\u56ed\u5c0f\u8bf4\uff0c\u6210\u957f...', 'cate': u'\u5c11\u513f\u56fe\u4e66'}
2015-04-27 11:56:50,187 - bdwgpider.py[line:37] - INFO - bd crawler item
2015-04-27 11:56:50,188 - bdwgpider.py[line:38] - INFO - {'price': u'11.70', 'image_url': 'http://t10.baidu.com/it/u=1061226357,4141331904&fm=58', 'good_url': u'http://weigou.baidu.com/site/transition?pid=249473715&merchant_name=%E6%96%87%E8%BD%A9%E7%BD%91&product_url=http%3A%2F%2Fwww.winxuan.com%2Fproduct%2F1200116677%3Fweigou_transition_key%3Dca6e84e1339d89d9acf5e431f5c205a1', 'good_name': u'\u6653\u5a1c\u59d0\u59d0\u6545\u4e8b\u5c4b\u2022HI!\u738b\u5c0f\u5929:\u73ed\u957f\u60f9\u6765\u5927\u9ebb\u70e6', 'cate': u'\u5c11\u513f\u56fe\u4e66'}
2015-04-27 11:56:50,328 - bdwgpider.py[line:37] - INFO - bd crawler item
2015-04-27 11:56:50,329 - bdwgpider.py[line:38] - INFO - {'price': u'11.70', 'image_url': 'http://t10.baidu.com/it/u=2603243922,3235136651&fm=58', 'good_url': u'http://weigou.baidu.com/site/transition?pid=215474620&merchant_name=%E4%BA%AC%E4%B8%9C%E5%95%86%E5%9F%8E&product_url=http%3A%2F%2Fitem.jd.com%2F10833771.html%3Fweigou_transition_key%3D8e34d4f157078bd80064ee6f1576d30f', 'good_name': u'\u6653\u5a1c\u59d0\u59d0\u6545\u4e8b\u5c4b\xb7Hi!\u738b\u5c0f\u5929\uff1a\u65e5\u8bb0\u672c\u91cc\u6709\u79d8\u5bc6', 'cate': u'\u5c11\u513f\u56fe\u4e66'}
2015-04-27 11:58:45,796 - Spider.py[line:64] - INFO - [spider: bd] Request for  'http://weigou.baidu.com/search?q=hi' , resp code is 200
2015-04-27 11:58:52,148 - Spider.py[line:64] - INFO - [spider: bd] Request for  'http://weigou.baidu.com/search?q=hi' , resp code is 200
2015-04-27 11:59:03,263 - Spider.py[line:64] - INFO - [spider: bd] Request for  'http://weigou.baidu.com/search?q=123' , resp code is 200
2015-04-27 12:00:13,061 - Spider.py[line:64] - INFO - [spider: bd] Request for  'http://weigou.baidu.com/search?q=123' , resp code is 200
2015-04-27 12:00:13,096 - bdwgpider.py[line:20] - INFO - request for cate....and cate is 女装
2015-04-27 12:00:13,096 - bdwgpider.py[line:21] - INFO - request for items....
2015-04-27 12:00:13,467 - bdwgpider.py[line:38] - INFO - {'price': u'\xa5139.00', 'image_url': 'http://t10.baidu.com/it/u=3971617431,2782246855&fm=58', 'good_url': u'http://product.suning.com/105614318.html?utm_source=baidu&utm_medium=weigou&utm_campaign=418%E7%BB%9F%E4%B8%80%E8%B0%83%E4%BB%B7&utm_term=u3764966.c0.g0.k0.a100266640271.pb', 'good_name': u'\u963f\u739b\u601d2013\u51ac\u88c5\u65b0\u6b3e \u97e9\u7248\u5bbd\u677e\u5927\u7801\u52a0\u7ed2\u52a0\u6bdb\u5957\u5934\u536b\u8863WY123\u91cc\u80c6\u4eff\u7f8a\u7f94\u6bdb \u84dd\u8272 M', 'cate': u'\u5973\u88c5'}
2015-04-27 12:00:14,253 - bdwgpider.py[line:38] - INFO - {'price': u'\xa5260.00', 'image_url': 'http://t10.baidu.com/it/u=17160966,3444532464&fm=58', 'good_url': u'http://product.dangdang.com/1074685335.html?_ddclickunion=614-fuzhuang-1074685335%7Cad_type=0%7Csys_id=1', 'good_name': u'\u7ea2\u8896\u4e13\u67dc\u6b63\u54c12015\u6625\u88c5\u65b0\u6b3e \u4fee\u8eab\u51e0\u4f55\u649e\u8272OL\u9488\u7ec7\u8fde\u8863\u88d9 H8071741_123\u7c89\u6854\u8272,L', 'cate': u'\u5973\u88c5'}
2015-04-27 12:00:14,542 - bdwgpider.py[line:38] - INFO - {'price': u'\xa5139.00', 'image_url': 'http://t12.baidu.com/it/u=1057304510,1075396381&fm=58', 'good_url': u'http://product.suning.com/105614319.html?utm_source=baidu&utm_medium=weigou&utm_campaign=418%E7%BB%9F%E4%B8%80%E8%B0%83%E4%BB%B7&utm_term=u3764966.c0.g0.k0.a100266451118.pb', 'good_name': u'\u963f\u739b\u601d2013\u51ac\u88c5\u65b0\u6b3e \u97e9\u7248\u5bbd\u677e\u5927\u7801\u52a0\u7ed2\u52a0\u6bdb\u5957\u5934\u536b\u8863WY123\u91cc\u80c6\u4eff\u7f8a\u7f94\u6bdb \u84dd\u8272 XL', 'cate': u'\u5973\u88c5'}
2015-04-27 12:00:14,858 - bdwgpider.py[line:38] - INFO - {'price': u'\xa5988.00', 'image_url': 'http://t10.baidu.com/it/u=634756350,2753668940&fm=58', 'good_url': u'http://product.suning.com/121080408.html?utm_source=baidu&utm_medium=weigou&utm_campaign=418%E7%BB%9F%E4%B8%80%E8%B0%83%E4%BB%B7&utm_term=u3764966.c0.g0.k0.a100399911718.pb', 'good_name': u'\u9e2d\u9e2d \u8fde\u5e3d\u4fee\u8eab\u6b3e\u6ce1\u6ce1\u8896\u7fbd\u7ed2\u670d\u5973\u4e2d\u957f\u6b3e\u6b63\u54c1\u5916\u5957B-123 \u5b54\u96c0\u5170 175/96A', 'cate': u'\u5973\u88c5'}
2015-04-27 12:00:15,184 - bdwgpider.py[line:38] - INFO - {'price': u'\xa5988.00', 'image_url': 'http://t11.baidu.com/it/u=3148278931,777076142&fm=58', 'good_url': u'http://product.suning.com/121061118.html?utm_source=baidu&utm_medium=weigou&utm_campaign=418%E7%BB%9F%E4%B8%80%E8%B0%83%E4%BB%B7&utm_term=u3764966.c0.g0.k0.a100399911700.pb', 'good_name': u'\u9e2d\u9e2d \u8fde\u5e3d\u4fee\u8eab\u6b3e\u6ce1\u6ce1\u8896\u7fbd\u7ed2\u670d\u5973\u4e2d\u957f\u6b3e\u6b63\u54c1\u5916\u5957B-123 \u8304\u7d2b 175/96A', 'cate': u'\u5973\u88c5'}
2015-04-27 12:01:57,163 - Spider.py[line:64] - INFO - [spider: bd] Request for  'http://weigou.baidu.com/search?q=%E5%B0%8F%E7%B1%B3%E6%89%8B%E7%8E%AF' , resp code is 200
2015-04-27 12:01:57,194 - bdwgpider.py[line:20] - INFO - request for cate....and cate is 数码配件
2015-04-27 12:01:57,194 - bdwgpider.py[line:21] - INFO - request for items....
2015-04-27 12:01:57,335 - Spider.py[line:64] - INFO - [spider: jd] Request for  'http://m.jd.com/ware/search.action?keyword=%E5%B0%8F%E7%B1%B3%E6%89%8B%E7%8E%AF' , resp code is 200
2015-04-27 12:01:57,335 - jdspider.py[line:21] - INFO - request for items....
2015-04-27 12:01:57,516 - jdspider.py[line:37] - INFO - request for cate....and cate is 智能设备
2015-04-27 12:07:45,579 - baidurun.py[line:16] - INFO - .........START to ..........Search...................
2015-04-27 12:07:46,068 - Spider.py[line:64] - INFO - [spider: bd] Request for  'http://weigou.baidu.com/search?q=zxvzx' , resp code is 200
2015-04-27 12:07:46,115 - bdwgpider.py[line:20] - INFO - request for cate....and cate is None
2015-04-27 12:07:46,115 - bdwgpider.py[line:21] - INFO - request for items....
2015-04-27 12:07:46,119 - main.py[line:106] - INFO - baidu weigou is empty, so go to JingDong shop......
2015-04-27 12:07:46,279 - Spider.py[line:64] - INFO - [spider: jd] Request for  'http://m.jd.com/ware/search.action?keyword=zxvzx' , resp code is 200
2015-04-27 12:07:46,279 - jdspider.py[line:21] - INFO - request for items....
2015-04-27 12:07:46,403 - filter_help.py[line:56] - ERROR -
2015-04-27 12:07:46,403 - jdspider.py[line:37] - INFO - request for cate....and cate is None
2015-04-27 12:07:46,434 - baidurun.py[line:26] - DEBUG - Result is []
2015-04-27 12:10:11,855 - baidurun.py[line:16] - INFO - .........START to ..........Search...................
2015-04-27 12:10:12,358 - Spider.py[line:64] - INFO - [spider: bd] Request for  'http://weigou.baidu.com/search?q=%E5%B0%8F%E7%B1%B3%E6%89%8B%E7%8E%AF' , resp code is 200
2015-04-27 12:10:12,398 - bdwgpider.py[line:20] - INFO - request for cate....and cate is 数码配件
2015-04-27 12:10:12,400 - bdwgpider.py[line:21] - INFO - request for items....
2015-04-27 12:10:12,403 - main.py[line:106] - INFO - baidu weigou is empty, so go to JingDong shop......
2015-04-27 12:10:12,558 - Spider.py[line:64] - INFO - [spider: jd] Request for  'http://m.jd.com/ware/search.action?keyword=%E5%B0%8F%E7%B1%B3%E6%89%8B%E7%8E%AF' , resp code is 200
2015-04-27 12:10:12,559 - jdspider.py[line:21] - INFO - request for items....
2015-04-27 12:10:12,743 - jdspider.py[line:37] - INFO - request for cate....and cate is 智能设备
2015-04-27 12:10:12,776 - baidurun.py[line:24] - DEBUG - [[1, u'\u5c0f\u7c73\uff08MI\uff09\u624b\u73af \u667a\u80fd\u9632\u6c34\u8fd0\u52a8\u624b\u73af  \u8ba1\u6b65\u5668 \u53ef\u76d1\u6d4b\u5065\u5eb7\u7761\u7720 \u9ed1\u8272\u539f\u5c01', u'89.00', u'http://img12.360buyimg.com/n7/jfs/t481/189/840892334/115730/d6e4aa34/5490006aN11f146d1.jpg!q70.jpg', u'http://item.m.jd.com/ware/view.action?wareId=1424211542', '\xe6\x99\xba\xe8\x83\xbd\xe8\xae\xbe\xe5\xa4\x87'], [1, u'\u5c0f\u7c73\uff08MI\uff09\u5c0f\u7c73\u624b\u73af\u8155\u5e26 \u84dd\u8272', u'19.90', u'http://img30.360buyimg.com/n7/jfs/t835/309/335968231/53331/202a6ab/55192724Nac1c9877.jpg!q70.jpg', u'http://item.m.jd.com/ware/view.action?wareId=1340486', '\xe6\x99\xba\xe8\x83\xbd\xe8\xae\xbe\xe5\xa4\x87'], [1, u'\u5c0f\u7c73\uff08MI\uff09\u624b\u73af \u667a\u80fd\u9632\u6c34\u8fd0\u52a8\u624b\u73af  \u8ba1\u6b65\u5668 \u53ef\u76d1\u6d4b\u5065\u5eb7\u7761\u7720 \u9ed1\u8272\u539f\u5c01+\u84dd\u8272\u975e\u5c0f\u7c73\u8155\u5e26', u'99.00', u'http://img30.360buyimg.com/n7/jfs/t496/209/838918345/135780/a6226c0a/549002f4N4f81b75d.jpg!q70.jpg', u'http://item.m.jd.com/ware/view.action?wareId=1424211546', '\xe6\x99\xba\xe8\x83\xbd\xe8\xae\xbe\xe5\xa4\x87'], [1, u'\u5c0f\u7c73\uff08MI\uff09\u624b\u73af \u667a\u80fd\u9632\u6c34\u8fd0\u52a8\u624b\u73af  \u8ba1\u6b65\u5668 \u53ef\u76d1\u6d4b\u5065\u5eb7\u7761\u7720 \u9ed1\u8272\u539f\u5c01+\u7c89\u8272\u975e\u5c0f\u7c73\u8155\u5e26', u'99.00', u'http://img14.360buyimg.com/n7/jfs/t502/180/850944128/126322/cba920c9/54900251Nd7d67527.jpg!q70.jpg', u'http://item.m.jd.com/ware/view.action?wareId=1424211544', '\xe6\x99\xba\xe8\x83\xbd\xe8\xae\xbe\xe5\xa4\x87'], [1, u'\u5c0f\u7c73\uff08MI\uff09\u624b\u73af\u667a\u80fd\u8155\u5e26\u84dd\u7259\u667a\u80fd\u624b\u8868\u9632\u6c34\u5065\u5eb7\u7761\u7720\u76d1\u6d4b \u9ed1\u8272\u539f\u88c5\u624b\u73af+\u7c89\u8272\u975e\u539f\u88c5\u8155\u5e26', u'99.00', u'http://img12.360buyimg.com/n7/jfs/t658/172/1197744366/146053/a11e1177/54bca43fNf5a09e07.jpg!q70.jpg', u'http://item.m.jd.com/ware/view.action?wareId=1455666892', '\xe6\x99\xba\xe8\x83\xbd\xe8\xae\xbe\xe5\xa4\x87']]
2015-04-27 12:10:41,799 - baidurun.py[line:16] - INFO -

.........START to ..........Search...................


2015-04-27 12:10:42,667 - Spider.py[line:64] - INFO - [spider: bd] Request for  'http://weigou.baidu.com/search?q=%E5%B0%8F%E7%B1%B3%E6%89%8B%E7%8E%AF' , resp code is 200
2015-04-27 12:10:42,703 - bdwgpider.py[line:20] - INFO - request for cate....and cate is 数码配件
2015-04-27 12:10:42,703 - bdwgpider.py[line:21] - INFO - request for items....
2015-04-27 12:10:42,707 - main.py[line:106] - INFO - baidu weigou is empty, so go to JingDong shop......
2015-04-27 12:10:42,855 - Spider.py[line:64] - INFO - [spider: jd] Request for  'http://m.jd.com/ware/search.action?keyword=%E5%B0%8F%E7%B1%B3%E6%89%8B%E7%8E%AF' , resp code is 200
2015-04-27 12:10:42,855 - jdspider.py[line:21] - INFO - request for items....
2015-04-27 12:10:43,073 - jdspider.py[line:37] - INFO - request for cate....and cate is 智能设备
2015-04-27 12:10:43,084 - baidurun.py[line:24] - DEBUG - [[1, u'\u5c0f\u7c73\uff08MI\uff09\u624b\u73af \u667a\u80fd\u9632\u6c34\u8fd0\u52a8\u624b\u73af  \u8ba1\u6b65\u5668 \u53ef\u76d1\u6d4b\u5065\u5eb7\u7761\u7720 \u9ed1\u8272\u539f\u5c01', u'89.00', u'http://img12.360buyimg.com/n7/jfs/t481/189/840892334/115730/d6e4aa34/5490006aN11f146d1.jpg!q70.jpg', u'http://item.m.jd.com/ware/view.action?wareId=1424211542', '\xe6\x99\xba\xe8\x83\xbd\xe8\xae\xbe\xe5\xa4\x87'], [1, u'\u5c0f\u7c73\uff08MI\uff09\u5c0f\u7c73\u624b\u73af\u8155\u5e26 \u84dd\u8272', u'19.90', u'http://img30.360buyimg.com/n7/jfs/t835/309/335968231/53331/202a6ab/55192724Nac1c9877.jpg!q70.jpg', u'http://item.m.jd.com/ware/view.action?wareId=1340486', '\xe6\x99\xba\xe8\x83\xbd\xe8\xae\xbe\xe5\xa4\x87'], [1, u'\u5c0f\u7c73\uff08MI\uff09\u624b\u73af \u667a\u80fd\u9632\u6c34\u8fd0\u52a8\u624b\u73af  \u8ba1\u6b65\u5668 \u53ef\u76d1\u6d4b\u5065\u5eb7\u7761\u7720 \u9ed1\u8272\u539f\u5c01+\u84dd\u8272\u975e\u5c0f\u7c73\u8155\u5e26', u'99.00', u'http://img30.360buyimg.com/n7/jfs/t496/209/838918345/135780/a6226c0a/549002f4N4f81b75d.jpg!q70.jpg', u'http://item.m.jd.com/ware/view.action?wareId=1424211546', '\xe6\x99\xba\xe8\x83\xbd\xe8\xae\xbe\xe5\xa4\x87'], [1, u'\u5c0f\u7c73\uff08MI\uff09\u624b\u73af \u667a\u80fd\u9632\u6c34\u8fd0\u52a8\u624b\u73af  \u8ba1\u6b65\u5668 \u53ef\u76d1\u6d4b\u5065\u5eb7\u7761\u7720 \u9ed1\u8272\u539f\u5c01+\u7c89\u8272\u975e\u5c0f\u7c73\u8155\u5e26', u'99.00', u'http://img14.360buyimg.com/n7/jfs/t502/180/850944128/126322/cba920c9/54900251Nd7d67527.jpg!q70.jpg', u'http://item.m.jd.com/ware/view.action?wareId=1424211544', '\xe6\x99\xba\xe8\x83\xbd\xe8\xae\xbe\xe5\xa4\x87'], [1, u'\u5c0f\u7c73\uff08MI\uff09\u624b\u73af\u667a\u80fd\u8155\u5e26\u84dd\u7259\u667a\u80fd\u624b\u8868\u9632\u6c34\u5065\u5eb7\u7761\u7720\u76d1\u6d4b \u9ed1\u8272\u539f\u88c5\u624b\u73af+\u7c89\u8272\u975e\u539f\u88c5\u8155\u5e26', u'99.00', u'http://img12.360buyimg.com/n7/jfs/t658/172/1197744366/146053/a11e1177/54bca43fNf5a09e07.jpg!q70.jpg', u'http://item.m.jd.com/ware/view.action?wareId=1455666892', '\xe6\x99\xba\xe8\x83\xbd\xe8\xae\xbe\xe5\xa4\x87']]
2015-04-27 12:11:16,234 - baidurun.py[line:16] - INFO -

.........START to ..........Search...................


2015-04-27 12:11:16,721 - Spider.py[line:64] - INFO - [spider: bd] Request for  'http://weigou.baidu.com/search?q=%E5%B0%8F%E7%B1%B3%E6%89%8B%E7%8E%AF' , resp code is 200
2015-04-27 12:11:16,746 - bdwgpider.py[line:20] - INFO - request for cate....and cate is 数码配件
2015-04-27 12:11:16,746 - bdwgpider.py[line:21] - INFO - request for items....
2015-04-27 12:11:16,752 - main.py[line:106] - INFO - baidu weigou is empty, so go to JingDong shop......
2015-04-27 12:11:16,904 - Spider.py[line:64] - INFO - [spider: jd] Request for  'http://m.jd.com/ware/search.action?keyword=%E5%B0%8F%E7%B1%B3%E6%89%8B%E7%8E%AF' , resp code is 200
2015-04-27 12:11:16,904 - jdspider.py[line:21] - INFO - request for items....
2015-04-27 12:11:17,094 - jdspider.py[line:37] - INFO - request for cate....and cate is 智能设备
2015-04-27 12:11:17,117 - baidurun.py[line:24] - DEBUG - [[1, u'\u5c0f\u7c73\uff08MI\uff09\u624b\u73af \u667a\u80fd\u9632\u6c34\u8fd0\u52a8\u624b\u73af  \u8ba1\u6b65\u5668 \u53ef\u76d1\u6d4b\u5065\u5eb7\u7761\u7720 \u9ed1\u8272\u539f\u5c01', u'89.00', u'http://img12.360buyimg.com/n7/jfs/t481/189/840892334/115730/d6e4aa34/5490006aN11f146d1.jpg!q70.jpg', u'http://item.m.jd.com/ware/view.action?wareId=1424211542', '\xe6\x99\xba\xe8\x83\xbd\xe8\xae\xbe\xe5\xa4\x87'], [1, u'\u5c0f\u7c73\uff08MI\uff09\u5c0f\u7c73\u624b\u73af\u8155\u5e26 \u84dd\u8272', u'19.90', u'http://img30.360buyimg.com/n7/jfs/t835/309/335968231/53331/202a6ab/55192724Nac1c9877.jpg!q70.jpg', u'http://item.m.jd.com/ware/view.action?wareId=1340486', '\xe6\x99\xba\xe8\x83\xbd\xe8\xae\xbe\xe5\xa4\x87'], [1, u'\u5c0f\u7c73\uff08MI\uff09\u624b\u73af \u667a\u80fd\u9632\u6c34\u8fd0\u52a8\u624b\u73af  \u8ba1\u6b65\u5668 \u53ef\u76d1\u6d4b\u5065\u5eb7\u7761\u7720 \u9ed1\u8272\u539f\u5c01+\u84dd\u8272\u975e\u5c0f\u7c73\u8155\u5e26', u'99.00', u'http://img30.360buyimg.com/n7/jfs/t496/209/838918345/135780/a6226c0a/549002f4N4f81b75d.jpg!q70.jpg', u'http://item.m.jd.com/ware/view.action?wareId=1424211546', '\xe6\x99\xba\xe8\x83\xbd\xe8\xae\xbe\xe5\xa4\x87'], [1, u'\u5c0f\u7c73\uff08MI\uff09\u624b\u73af \u667a\u80fd\u9632\u6c34\u8fd0\u52a8\u624b\u73af  \u8ba1\u6b65\u5668 \u53ef\u76d1\u6d4b\u5065\u5eb7\u7761\u7720 \u9ed1\u8272\u539f\u5c01+\u7c89\u8272\u975e\u5c0f\u7c73\u8155\u5e26', u'99.00', u'http://img14.360buyimg.com/n7/jfs/t502/180/850944128/126322/cba920c9/54900251Nd7d67527.jpg!q70.jpg', u'http://item.m.jd.com/ware/view.action?wareId=1424211544', '\xe6\x99\xba\xe8\x83\xbd\xe8\xae\xbe\xe5\xa4\x87'], [1, u'\u5c0f\u7c73\uff08MI\uff09\u624b\u73af\u667a\u80fd\u8155\u5e26\u84dd\u7259\u667a\u80fd\u624b\u8868\u9632\u6c34\u5065\u5eb7\u7761\u7720\u76d1\u6d4b \u9ed1\u8272\u539f\u88c5\u624b\u73af+\u7c89\u8272\u975e\u539f\u88c5\u8155\u5e26', u'99.00', u'http://img12.360buyimg.com/n7/jfs/t658/172/1197744366/146053/a11e1177/54bca43fNf5a09e07.jpg!q70.jpg', u'http://item.m.jd.com/ware/view.action?wareId=1455666892', '\xe6\x99\xba\xe8\x83\xbd\xe8\xae\xbe\xe5\xa4\x87']]
2015-04-27 12:11:17,117 - baidurun.py[line:27] - INFO -

...............Finish  This Search Session.................


2015-04-27 12:15:00,565 - baidurun.py[line:16] - INFO -

.........START to ..........Search...................

2015-04-27 12:15:01,072 - Spider.py[line:64] - INFO - [spider: bd] Request for  'http://weigou.baidu.com/search?q=%E5%B0%8F%E7%B1%B3%E6%89%8B%E7%8E%AF' , resp code is 200
2015-04-27 12:15:01,095 - bdwgpider.py[line:21] - INFO - request for cate....and cate is 数码配件
2015-04-27 12:15:01,095 - bdwgpider.py[line:22] - INFO - request for items in 百度微购
2015-04-27 12:15:01,099 - main.py[line:106] - INFO - baidu weigou is empty, so go to JingDong shop......
2015-04-27 12:15:01,230 - Spider.py[line:64] - INFO - [spider: jd] Request for  'http://m.jd.com/ware/search.action?keyword=%E5%B0%8F%E7%B1%B3%E6%89%8B%E7%8E%AF' , resp code is 200
2015-04-27 12:15:01,233 - jdspider.py[line:21] - INFO - request for items in 京东...
2015-04-27 12:15:01,411 - jdspider.py[line:37] - INFO - request for cate....and cate is 智能设备
2015-04-27 12:15:01,421 - baidurun.py[line:24] - DEBUG - [[1, u'\u5c0f\u7c73\uff08MI\uff09\u624b\u73af \u667a\u80fd\u9632\u6c34\u8fd0\u52a8\u624b\u73af  \u8ba1\u6b65\u5668 \u53ef\u76d1\u6d4b\u5065\u5eb7\u7761\u7720 \u9ed1\u8272\u539f\u5c01', u'89.00', u'http://img12.360buyimg.com/n7/jfs/t481/189/840892334/115730/d6e4aa34/5490006aN11f146d1.jpg!q70.jpg', u'http://item.m.jd.com/ware/view.action?wareId=1424211542', '\xe6\x99\xba\xe8\x83\xbd\xe8\xae\xbe\xe5\xa4\x87'], [1, u'\u5c0f\u7c73\uff08MI\uff09\u5c0f\u7c73\u624b\u73af\u8155\u5e26 \u84dd\u8272', u'19.90', u'http://img30.360buyimg.com/n7/jfs/t835/309/335968231/53331/202a6ab/55192724Nac1c9877.jpg!q70.jpg', u'http://item.m.jd.com/ware/view.action?wareId=1340486', '\xe6\x99\xba\xe8\x83\xbd\xe8\xae\xbe\xe5\xa4\x87'], [1, u'\u5c0f\u7c73\uff08MI\uff09\u624b\u73af \u667a\u80fd\u9632\u6c34\u8fd0\u52a8\u624b\u73af  \u8ba1\u6b65\u5668 \u53ef\u76d1\u6d4b\u5065\u5eb7\u7761\u7720 \u9ed1\u8272\u539f\u5c01+\u84dd\u8272\u975e\u5c0f\u7c73\u8155\u5e26', u'99.00', u'http://img30.360buyimg.com/n7/jfs/t496/209/838918345/135780/a6226c0a/549002f4N4f81b75d.jpg!q70.jpg', u'http://item.m.jd.com/ware/view.action?wareId=1424211546', '\xe6\x99\xba\xe8\x83\xbd\xe8\xae\xbe\xe5\xa4\x87'], [1, u'\u5c0f\u7c73\uff08MI\uff09\u624b\u73af \u667a\u80fd\u9632\u6c34\u8fd0\u52a8\u624b\u73af  \u8ba1\u6b65\u5668 \u53ef\u76d1\u6d4b\u5065\u5eb7\u7761\u7720 \u9ed1\u8272\u539f\u5c01+\u7c89\u8272\u975e\u5c0f\u7c73\u8155\u5e26', u'99.00', u'http://img14.360buyimg.com/n7/jfs/t502/180/850944128/126322/cba920c9/54900251Nd7d67527.jpg!q70.jpg', u'http://item.m.jd.com/ware/view.action?wareId=1424211544', '\xe6\x99\xba\xe8\x83\xbd\xe8\xae\xbe\xe5\xa4\x87'], [1, u'\u5c0f\u7c73\uff08MI\uff09\u624b\u73af\u667a\u80fd\u8155\u5e26\u84dd\u7259\u667a\u80fd\u624b\u8868\u9632\u6c34\u5065\u5eb7\u7761\u7720\u76d1\u6d4b \u9ed1\u8272\u539f\u88c5\u624b\u73af+\u7c89\u8272\u975e\u539f\u88c5\u8155\u5e26', u'99.00', u'http://img12.360buyimg.com/n7/jfs/t658/172/1197744366/146053/a11e1177/54bca43fNf5a09e07.jpg!q70.jpg', u'http://item.m.jd.com/ware/view.action?wareId=1455666892', '\xe6\x99\xba\xe8\x83\xbd\xe8\xae\xbe\xe5\xa4\x87']]
2015-04-27 12:15:01,423 - baidurun.py[line:27] - INFO -
\...............Finish  This Search Session and wait for next.............


2015-04-27 12:16:10,403 - baidurun.py[line:16] - INFO - .........START to ..........Search...................

2015-04-27 12:16:11,286 - Spider.py[line:64] - INFO - [spider: bd] Request for  'http://weigou.baidu.com/search?q=%E5%B0%8F%E7%B1%B3%E6%89%8B%E7%8E%AF' , resp code is 200
2015-04-27 12:16:11,311 - bdwgpider.py[line:21] - INFO - request for cate....and cate is 数码配件
2015-04-27 12:16:11,311 - bdwgpider.py[line:22] - INFO - request for items in 百度微购
2015-04-27 12:16:11,315 - main.py[line:106] - INFO - baidu weigou is empty, so go to JingDong shop......
2015-04-27 12:16:11,483 - Spider.py[line:64] - INFO - [spider: jd] Request for  'http://m.jd.com/ware/search.action?keyword=%E5%B0%8F%E7%B1%B3%E6%89%8B%E7%8E%AF' , resp code is 200
2015-04-27 12:16:11,483 - jdspider.py[line:21] - INFO - request for items in 京东...
2015-04-27 12:16:11,665 - jdspider.py[line:37] - INFO - request for cate....and cate is 智能设备
2015-04-27 12:16:11,680 - baidurun.py[line:24] - DEBUG - [[1, u'\u5c0f\u7c73\uff08MI\uff09\u624b\u73af \u667a\u80fd\u9632\u6c34\u8fd0\u52a8\u624b\u73af  \u8ba1\u6b65\u5668 \u53ef\u76d1\u6d4b\u5065\u5eb7\u7761\u7720 \u9ed1\u8272\u539f\u5c01', u'89.00', u'http://img12.360buyimg.com/n7/jfs/t481/189/840892334/115730/d6e4aa34/5490006aN11f146d1.jpg!q70.jpg', u'http://item.m.jd.com/ware/view.action?wareId=1424211542', '\xe6\x99\xba\xe8\x83\xbd\xe8\xae\xbe\xe5\xa4\x87'], [1, u'\u5c0f\u7c73\uff08MI\uff09\u5c0f\u7c73\u624b\u73af\u8155\u5e26 \u84dd\u8272', u'19.90', u'http://img30.360buyimg.com/n7/jfs/t835/309/335968231/53331/202a6ab/55192724Nac1c9877.jpg!q70.jpg', u'http://item.m.jd.com/ware/view.action?wareId=1340486', '\xe6\x99\xba\xe8\x83\xbd\xe8\xae\xbe\xe5\xa4\x87'], [1, u'\u5c0f\u7c73\uff08MI\uff09\u624b\u73af \u667a\u80fd\u9632\u6c34\u8fd0\u52a8\u624b\u73af  \u8ba1\u6b65\u5668 \u53ef\u76d1\u6d4b\u5065\u5eb7\u7761\u7720 \u9ed1\u8272\u539f\u5c01+\u84dd\u8272\u975e\u5c0f\u7c73\u8155\u5e26', u'99.00', u'http://img30.360buyimg.com/n7/jfs/t496/209/838918345/135780/a6226c0a/549002f4N4f81b75d.jpg!q70.jpg', u'http://item.m.jd.com/ware/view.action?wareId=1424211546', '\xe6\x99\xba\xe8\x83\xbd\xe8\xae\xbe\xe5\xa4\x87'], [1, u'\u5c0f\u7c73\uff08MI\uff09\u624b\u73af \u667a\u80fd\u9632\u6c34\u8fd0\u52a8\u624b\u73af  \u8ba1\u6b65\u5668 \u53ef\u76d1\u6d4b\u5065\u5eb7\u7761\u7720 \u9ed1\u8272\u539f\u5c01+\u7c89\u8272\u975e\u5c0f\u7c73\u8155\u5e26', u'99.00', u'http://img14.360buyimg.com/n7/jfs/t502/180/850944128/126322/cba920c9/54900251Nd7d67527.jpg!q70.jpg', u'http://item.m.jd.com/ware/view.action?wareId=1424211544', '\xe6\x99\xba\xe8\x83\xbd\xe8\xae\xbe\xe5\xa4\x87'], [1, u'\u5c0f\u7c73\uff08MI\uff09\u624b\u73af\u667a\u80fd\u8155\u5e26\u84dd\u7259\u667a\u80fd\u624b\u8868\u9632\u6c34\u5065\u5eb7\u7761\u7720\u76d1\u6d4b \u9ed1\u8272\u539f\u88c5\u624b\u73af+\u7c89\u8272\u975e\u539f\u88c5\u8155\u5e26', u'99.00', u'http://img12.360buyimg.com/n7/jfs/t658/172/1197744366/146053/a11e1177/54bca43fNf5a09e07.jpg!q70.jpg', u'http://item.m.jd.com/ware/view.action?wareId=1455666892', '\xe6\x99\xba\xe8\x83\xbd\xe8\xae\xbe\xe5\xa4\x87']]
2015-04-27 12:16:11,680 - baidurun.py[line:27] - INFO - ...............Finish  This Search Session and wait for next.............


2015-04-27 12:17:02,403 - baidurun.py[line:16] - INFO - .........START to ..........Search...................

2015-04-27 12:17:02,953 - Spider.py[line:64] - INFO - [spider: bd] Request for  'http://weigou.baidu.com/search?q=%E5%B0%8F%E7%B1%B3%E6%89%8B%E7%8E%AF' , resp code is 200
2015-04-27 12:17:02,976 - bdwgpider.py[line:21] - INFO - request for cate....and cate is 数码配件
2015-04-27 12:17:02,976 - bdwgpider.py[line:22] - INFO - request for items in 百度微购
2015-04-27 12:17:02,982 - main.py[line:106] - INFO - baidu weigou is empty, so go to JingDong shop......
2015-04-27 12:17:03,173 - Spider.py[line:64] - INFO - [spider: jd] Request for  'http://m.jd.com/ware/search.action?keyword=%E5%B0%8F%E7%B1%B3%E6%89%8B%E7%8E%AF' , resp code is 200
2015-04-27 12:17:03,173 - jdspider.py[line:21] - INFO - request for items in 京东...
2015-04-27 12:17:03,342 - jdspider.py[line:37] - INFO - request for cate....and cate is 智能设备
2015-04-27 12:17:03,349 - baidurun.py[line:24] - DEBUG - Get the result:-|
2015-04-27 12:17:03,349 - baidurun.py[line:25] - DEBUG - [[1, u'\u5c0f\u7c73\uff08MI\uff09\u624b\u73af \u667a\u80fd\u9632\u6c34\u8fd0\u52a8\u624b\u73af  \u8ba1\u6b65\u5668 \u53ef\u76d1\u6d4b\u5065\u5eb7\u7761\u7720 \u9ed1\u8272\u539f\u5c01', u'89.00', u'http://img12.360buyimg.com/n7/jfs/t481/189/840892334/115730/d6e4aa34/5490006aN11f146d1.jpg!q70.jpg', u'http://item.m.jd.com/ware/view.action?wareId=1424211542', '\xe6\x99\xba\xe8\x83\xbd\xe8\xae\xbe\xe5\xa4\x87'], [1, u'\u5c0f\u7c73\uff08MI\uff09\u5c0f\u7c73\u624b\u73af\u8155\u5e26 \u84dd\u8272', u'19.90', u'http://img30.360buyimg.com/n7/jfs/t835/309/335968231/53331/202a6ab/55192724Nac1c9877.jpg!q70.jpg', u'http://item.m.jd.com/ware/view.action?wareId=1340486', '\xe6\x99\xba\xe8\x83\xbd\xe8\xae\xbe\xe5\xa4\x87'], [1, u'\u5c0f\u7c73\uff08MI\uff09\u624b\u73af \u667a\u80fd\u9632\u6c34\u8fd0\u52a8\u624b\u73af  \u8ba1\u6b65\u5668 \u53ef\u76d1\u6d4b\u5065\u5eb7\u7761\u7720 \u9ed1\u8272\u539f\u5c01+\u84dd\u8272\u975e\u5c0f\u7c73\u8155\u5e26', u'99.00', u'http://img30.360buyimg.com/n7/jfs/t496/209/838918345/135780/a6226c0a/549002f4N4f81b75d.jpg!q70.jpg', u'http://item.m.jd.com/ware/view.action?wareId=1424211546', '\xe6\x99\xba\xe8\x83\xbd\xe8\xae\xbe\xe5\xa4\x87'], [1, u'\u5c0f\u7c73\uff08MI\uff09\u624b\u73af \u667a\u80fd\u9632\u6c34\u8fd0\u52a8\u624b\u73af  \u8ba1\u6b65\u5668 \u53ef\u76d1\u6d4b\u5065\u5eb7\u7761\u7720 \u9ed1\u8272\u539f\u5c01+\u7c89\u8272\u975e\u5c0f\u7c73\u8155\u5e26', u'99.00', u'http://img14.360buyimg.com/n7/jfs/t502/180/850944128/126322/cba920c9/54900251Nd7d67527.jpg!q70.jpg', u'http://item.m.jd.com/ware/view.action?wareId=1424211544', '\xe6\x99\xba\xe8\x83\xbd\xe8\xae\xbe\xe5\xa4\x87'], [1, u'\u5c0f\u7c73\uff08MI\uff09\u624b\u73af\u667a\u80fd\u8155\u5e26\u84dd\u7259\u667a\u80fd\u624b\u8868\u9632\u6c34\u5065\u5eb7\u7761\u7720\u76d1\u6d4b \u9ed1\u8272\u539f\u88c5\u624b\u73af+\u7c89\u8272\u975e\u539f\u88c5\u8155\u5e26', u'99.00', u'http://img12.360buyimg.com/n7/jfs/t658/172/1197744366/146053/a11e1177/54bca43fNf5a09e07.jpg!q70.jpg', u'http://item.m.jd.com/ware/view.action?wareId=1455666892', '\xe6\x99\xba\xe8\x83\xbd\xe8\xae\xbe\xe5\xa4\x87']]
2015-04-27 12:17:03,349 - baidurun.py[line:28] - INFO - ...............Finish  This Search Session and wait for next .........


2015-04-27 12:17:56,049 - baidurun.py[line:16] - INFO - .........START to ..........Search...................

2015-04-27 12:18:03,611 - Spider.py[line:64] - INFO - [spider: bd] Request for  'http://weigou.baidu.com/search?q=%E5%B0%8F%E7%B1%B3%E6%89%8B%E7%8E%AF' , resp code is 200
2015-04-27 12:18:03,642 - bdwgpider.py[line:21] - INFO - request for cate....and cate is 数码配件
2015-04-27 12:18:03,642 - bdwgpider.py[line:22] - INFO - request for items in 百度微购
2015-04-27 12:18:03,648 - main.py[line:106] - INFO - baidu weigou is empty, so go to JingDong shop......
2015-04-27 12:18:03,790 - Spider.py[line:64] - INFO - [spider: jd] Request for  'http://m.jd.com/ware/search.action?keyword=%E5%B0%8F%E7%B1%B3%E6%89%8B%E7%8E%AF' , resp code is 200
2015-04-27 12:18:03,792 - jdspider.py[line:21] - INFO - request for items in 京东...
2015-04-27 12:18:03,957 - jdspider.py[line:37] - INFO - request for cate....and cate is 智能设备
2015-04-27 12:18:03,963 - baidurun.py[line:24] - DEBUG - result: [[1, u'\u5c0f\u7c73\uff08MI\uff09\u624b\u73af \u667a\u80fd\u9632\u6c34\u8fd0\u52a8\u624b\u73af  \u8ba1\u6b65\u5668 \u53ef\u76d1\u6d4b\u5065\u5eb7\u7761\u7720 \u9ed1\u8272\u539f\u5c01', u'89.00', u'http://img12.360buyimg.com/n7/jfs/t481/189/840892334/115730/d6e4aa34/5490006aN11f146d1.jpg!q70.jpg', u'http://item.m.jd.com/ware/view.action?wareId=1424211542', '\xe6\x99\xba\xe8\x83\xbd\xe8\xae\xbe\xe5\xa4\x87'], [1, u'\u5c0f\u7c73\uff08MI\uff09\u5c0f\u7c73\u624b\u73af\u8155\u5e26 \u84dd\u8272', u'19.90', u'http://img30.360buyimg.com/n7/jfs/t835/309/335968231/53331/202a6ab/55192724Nac1c9877.jpg!q70.jpg', u'http://item.m.jd.com/ware/view.action?wareId=1340486', '\xe6\x99\xba\xe8\x83\xbd\xe8\xae\xbe\xe5\xa4\x87'], [1, u'\u5c0f\u7c73\uff08MI\uff09\u624b\u73af \u667a\u80fd\u9632\u6c34\u8fd0\u52a8\u624b\u73af  \u8ba1\u6b65\u5668 \u53ef\u76d1\u6d4b\u5065\u5eb7\u7761\u7720 \u9ed1\u8272\u539f\u5c01+\u84dd\u8272\u975e\u5c0f\u7c73\u8155\u5e26', u'99.00', u'http://img30.360buyimg.com/n7/jfs/t496/209/838918345/135780/a6226c0a/549002f4N4f81b75d.jpg!q70.jpg', u'http://item.m.jd.com/ware/view.action?wareId=1424211546', '\xe6\x99\xba\xe8\x83\xbd\xe8\xae\xbe\xe5\xa4\x87'], [1, u'\u5c0f\u7c73\uff08MI\uff09\u624b\u73af \u667a\u80fd\u9632\u6c34\u8fd0\u52a8\u624b\u73af  \u8ba1\u6b65\u5668 \u53ef\u76d1\u6d4b\u5065\u5eb7\u7761\u7720 \u9ed1\u8272\u539f\u5c01+\u7c89\u8272\u975e\u5c0f\u7c73\u8155\u5e26', u'99.00', u'http://img14.360buyimg.com/n7/jfs/t502/180/850944128/126322/cba920c9/54900251Nd7d67527.jpg!q70.jpg', u'http://item.m.jd.com/ware/view.action?wareId=1424211544', '\xe6\x99\xba\xe8\x83\xbd\xe8\xae\xbe\xe5\xa4\x87'], [1, u'\u5c0f\u7c73\uff08MI\uff09\u624b\u73af\u667a\u80fd\u8155\u5e26\u84dd\u7259\u667a\u80fd\u624b\u8868\u9632\u6c34\u5065\u5eb7\u7761\u7720\u76d1\u6d4b \u9ed1\u8272\u539f\u88c5\u624b\u73af+\u7c89\u8272\u975e\u539f\u88c5\u8155\u5e26', u'99.00', u'http://img12.360buyimg.com/n7/jfs/t658/172/1197744366/146053/a11e1177/54bca43fNf5a09e07.jpg!q70.jpg', u'http://item.m.jd.com/ware/view.action?wareId=1455666892', '\xe6\x99\xba\xe8\x83\xbd\xe8\xae\xbe\xe5\xa4\x87']]
2015-04-27 12:18:03,963 - baidurun.py[line:25] - DEBUG - [[1, u'\u5c0f\u7c73\uff08MI\uff09\u624b\u73af \u667a\u80fd\u9632\u6c34\u8fd0\u52a8\u624b\u73af  \u8ba1\u6b65\u5668 \u53ef\u76d1\u6d4b\u5065\u5eb7\u7761\u7720 \u9ed1\u8272\u539f\u5c01', u'89.00', u'http://img12.360buyimg.com/n7/jfs/t481/189/840892334/115730/d6e4aa34/5490006aN11f146d1.jpg!q70.jpg', u'http://item.m.jd.com/ware/view.action?wareId=1424211542', '\xe6\x99\xba\xe8\x83\xbd\xe8\xae\xbe\xe5\xa4\x87'], [1, u'\u5c0f\u7c73\uff08MI\uff09\u5c0f\u7c73\u624b\u73af\u8155\u5e26 \u84dd\u8272', u'19.90', u'http://img30.360buyimg.com/n7/jfs/t835/309/335968231/53331/202a6ab/55192724Nac1c9877.jpg!q70.jpg', u'http://item.m.jd.com/ware/view.action?wareId=1340486', '\xe6\x99\xba\xe8\x83\xbd\xe8\xae\xbe\xe5\xa4\x87'], [1, u'\u5c0f\u7c73\uff08MI\uff09\u624b\u73af \u667a\u80fd\u9632\u6c34\u8fd0\u52a8\u624b\u73af  \u8ba1\u6b65\u5668 \u53ef\u76d1\u6d4b\u5065\u5eb7\u7761\u7720 \u9ed1\u8272\u539f\u5c01+\u84dd\u8272\u975e\u5c0f\u7c73\u8155\u5e26', u'99.00', u'http://img30.360buyimg.com/n7/jfs/t496/209/838918345/135780/a6226c0a/549002f4N4f81b75d.jpg!q70.jpg', u'http://item.m.jd.com/ware/view.action?wareId=1424211546', '\xe6\x99\xba\xe8\x83\xbd\xe8\xae\xbe\xe5\xa4\x87'], [1, u'\u5c0f\u7c73\uff08MI\uff09\u624b\u73af \u667a\u80fd\u9632\u6c34\u8fd0\u52a8\u624b\u73af  \u8ba1\u6b65\u5668 \u53ef\u76d1\u6d4b\u5065\u5eb7\u7761\u7720 \u9ed1\u8272\u539f\u5c01+\u7c89\u8272\u975e\u5c0f\u7c73\u8155\u5e26', u'99.00', u'http://img14.360buyimg.com/n7/jfs/t502/180/850944128/126322/cba920c9/54900251Nd7d67527.jpg!q70.jpg', u'http://item.m.jd.com/ware/view.action?wareId=1424211544', '\xe6\x99\xba\xe8\x83\xbd\xe8\xae\xbe\xe5\xa4\x87'], [1, u'\u5c0f\u7c73\uff08MI\uff09\u624b\u73af\u667a\u80fd\u8155\u5e26\u84dd\u7259\u667a\u80fd\u624b\u8868\u9632\u6c34\u5065\u5eb7\u7761\u7720\u76d1\u6d4b \u9ed1\u8272\u539f\u88c5\u624b\u73af+\u7c89\u8272\u975e\u539f\u88c5\u8155\u5e26', u'99.00', u'http://img12.360buyimg.com/n7/jfs/t658/172/1197744366/146053/a11e1177/54bca43fNf5a09e07.jpg!q70.jpg', u'http://item.m.jd.com/ware/view.action?wareId=1455666892', '\xe6\x99\xba\xe8\x83\xbd\xe8\xae\xbe\xe5\xa4\x87']]
2015-04-27 12:18:03,964 - baidurun.py[line:28] - INFO - ...............Finish  This Search Session and wait for next .........


2015-04-27 12:18:03,974 - baidurun.py[line:16] - INFO - .........START to ..........Search...................

2015-04-27 12:18:04,482 - Spider.py[line:64] - INFO - [spider: bd] Request for  'http://weigou.baidu.com/search?q=%E5%B0%8F%E7%B1%B3%E6%89%8B%E7%8E%AF' , resp code is 200
2015-04-27 12:18:04,507 - bdwgpider.py[line:21] - INFO - request for cate....and cate is 数码配件
2015-04-27 12:18:04,507 - bdwgpider.py[line:22] - INFO - request for items in 百度微购
2015-04-27 12:18:04,513 - main.py[line:106] - INFO - baidu weigou is empty, so go to JingDong shop......
2015-04-27 12:18:04,651 - Spider.py[line:64] - INFO - [spider: jd] Request for  'http://m.jd.com/ware/search.action?keyword=%E5%B0%8F%E7%B1%B3%E6%89%8B%E7%8E%AF' , resp code is 200
2015-04-27 12:18:04,651 - jdspider.py[line:21] - INFO - request for items in 京东...
2015-04-27 12:18:04,812 - jdspider.py[line:37] - INFO - request for cate....and cate is 智能设备
2015-04-27 12:18:04,826 - baidurun.py[line:24] - DEBUG - result: [[1, u'\u5c0f\u7c73\uff08MI\uff09\u624b\u73af \u667a\u80fd\u9632\u6c34\u8fd0\u52a8\u624b\u73af  \u8ba1\u6b65\u5668 \u53ef\u76d1\u6d4b\u5065\u5eb7\u7761\u7720 \u9ed1\u8272\u539f\u5c01', u'89.00', u'http://img12.360buyimg.com/n7/jfs/t481/189/840892334/115730/d6e4aa34/5490006aN11f146d1.jpg!q70.jpg', u'http://item.m.jd.com/ware/view.action?wareId=1424211542', '\xe6\x99\xba\xe8\x83\xbd\xe8\xae\xbe\xe5\xa4\x87'], [1, u'\u5c0f\u7c73\uff08MI\uff09\u5c0f\u7c73\u624b\u73af\u8155\u5e26 \u84dd\u8272', u'19.90', u'http://img30.360buyimg.com/n7/jfs/t835/309/335968231/53331/202a6ab/55192724Nac1c9877.jpg!q70.jpg', u'http://item.m.jd.com/ware/view.action?wareId=1340486', '\xe6\x99\xba\xe8\x83\xbd\xe8\xae\xbe\xe5\xa4\x87'], [1, u'\u5c0f\u7c73\uff08MI\uff09\u624b\u73af \u667a\u80fd\u9632\u6c34\u8fd0\u52a8\u624b\u73af  \u8ba1\u6b65\u5668 \u53ef\u76d1\u6d4b\u5065\u5eb7\u7761\u7720 \u9ed1\u8272\u539f\u5c01+\u84dd\u8272\u975e\u5c0f\u7c73\u8155\u5e26', u'99.00', u'http://img30.360buyimg.com/n7/jfs/t496/209/838918345/135780/a6226c0a/549002f4N4f81b75d.jpg!q70.jpg', u'http://item.m.jd.com/ware/view.action?wareId=1424211546', '\xe6\x99\xba\xe8\x83\xbd\xe8\xae\xbe\xe5\xa4\x87'], [1, u'\u5c0f\u7c73\uff08MI\uff09\u624b\u73af \u667a\u80fd\u9632\u6c34\u8fd0\u52a8\u624b\u73af  \u8ba1\u6b65\u5668 \u53ef\u76d1\u6d4b\u5065\u5eb7\u7761\u7720 \u9ed1\u8272\u539f\u5c01+\u7c89\u8272\u975e\u5c0f\u7c73\u8155\u5e26', u'99.00', u'http://img14.360buyimg.com/n7/jfs/t502/180/850944128/126322/cba920c9/54900251Nd7d67527.jpg!q70.jpg', u'http://item.m.jd.com/ware/view.action?wareId=1424211544', '\xe6\x99\xba\xe8\x83\xbd\xe8\xae\xbe\xe5\xa4\x87'], [1, u'\u5c0f\u7c73\uff08MI\uff09\u624b\u73af\u667a\u80fd\u8155\u5e26\u84dd\u7259\u667a\u80fd\u624b\u8868\u9632\u6c34\u5065\u5eb7\u7761\u7720\u76d1\u6d4b \u9ed1\u8272\u539f\u88c5\u624b\u73af+\u7c89\u8272\u975e\u539f\u88c5\u8155\u5e26', u'99.00', u'http://img12.360buyimg.com/n7/jfs/t658/172/1197744366/146053/a11e1177/54bca43fNf5a09e07.jpg!q70.jpg', u'http://item.m.jd.com/ware/view.action?wareId=1455666892', '\xe6\x99\xba\xe8\x83\xbd\xe8\xae\xbe\xe5\xa4\x87']]
2015-04-27 12:18:04,828 - baidurun.py[line:25] - DEBUG - [[1, u'\u5c0f\u7c73\uff08MI\uff09\u624b\u73af \u667a\u80fd\u9632\u6c34\u8fd0\u52a8\u624b\u73af  \u8ba1\u6b65\u5668 \u53ef\u76d1\u6d4b\u5065\u5eb7\u7761\u7720 \u9ed1\u8272\u539f\u5c01', u'89.00', u'http://img12.360buyimg.com/n7/jfs/t481/189/840892334/115730/d6e4aa34/5490006aN11f146d1.jpg!q70.jpg', u'http://item.m.jd.com/ware/view.action?wareId=1424211542', '\xe6\x99\xba\xe8\x83\xbd\xe8\xae\xbe\xe5\xa4\x87'], [1, u'\u5c0f\u7c73\uff08MI\uff09\u5c0f\u7c73\u624b\u73af\u8155\u5e26 \u84dd\u8272', u'19.90', u'http://img30.360buyimg.com/n7/jfs/t835/309/335968231/53331/202a6ab/55192724Nac1c9877.jpg!q70.jpg', u'http://item.m.jd.com/ware/view.action?wareId=1340486', '\xe6\x99\xba\xe8\x83\xbd\xe8\xae\xbe\xe5\xa4\x87'], [1, u'\u5c0f\u7c73\uff08MI\uff09\u624b\u73af \u667a\u80fd\u9632\u6c34\u8fd0\u52a8\u624b\u73af  \u8ba1\u6b65\u5668 \u53ef\u76d1\u6d4b\u5065\u5eb7\u7761\u7720 \u9ed1\u8272\u539f\u5c01+\u84dd\u8272\u975e\u5c0f\u7c73\u8155\u5e26', u'99.00', u'http://img30.360buyimg.com/n7/jfs/t496/209/838918345/135780/a6226c0a/549002f4N4f81b75d.jpg!q70.jpg', u'http://item.m.jd.com/ware/view.action?wareId=1424211546', '\xe6\x99\xba\xe8\x83\xbd\xe8\xae\xbe\xe5\xa4\x87'], [1, u'\u5c0f\u7c73\uff08MI\uff09\u624b\u73af \u667a\u80fd\u9632\u6c34\u8fd0\u52a8\u624b\u73af  \u8ba1\u6b65\u5668 \u53ef\u76d1\u6d4b\u5065\u5eb7\u7761\u7720 \u9ed1\u8272\u539f\u5c01+\u7c89\u8272\u975e\u5c0f\u7c73\u8155\u5e26', u'99.00', u'http://img14.360buyimg.com/n7/jfs/t502/180/850944128/126322/cba920c9/54900251Nd7d67527.jpg!q70.jpg', u'http://item.m.jd.com/ware/view.action?wareId=1424211544', '\xe6\x99\xba\xe8\x83\xbd\xe8\xae\xbe\xe5\xa4\x87'], [1, u'\u5c0f\u7c73\uff08MI\uff09\u624b\u73af\u667a\u80fd\u8155\u5e26\u84dd\u7259\u667a\u80fd\u624b\u8868\u9632\u6c34\u5065\u5eb7\u7761\u7720\u76d1\u6d4b \u9ed1\u8272\u539f\u88c5\u624b\u73af+\u7c89\u8272\u975e\u539f\u88c5\u8155\u5e26', u'99.00', u'http://img12.360buyimg.com/n7/jfs/t658/172/1197744366/146053/a11e1177/54bca43fNf5a09e07.jpg!q70.jpg', u'http://item.m.jd.com/ware/view.action?wareId=1455666892', '\xe6\x99\xba\xe8\x83\xbd\xe8\xae\xbe\xe5\xa4\x87']]
2015-04-27 12:18:04,834 - baidurun.py[line:28] - INFO - ...............Finish  This Search Session and wait for next .........


2015-04-27 12:18:25,664 - baidurun.py[line:16] - INFO - .........START to ..........Search...................

2015-04-27 12:18:26,144 - Spider.py[line:64] - INFO - [spider: bd] Request for  'http://weigou.baidu.com/search?q=%E5%B0%8F%E7%B1%B3%E6%89%8B%E7%8E%AF' , resp code is 200
2015-04-27 12:18:26,168 - bdwgpider.py[line:21] - INFO - request for cate....and cate is 数码配件
2015-04-27 12:18:26,168 - bdwgpider.py[line:22] - INFO - request for items in 百度微购
2015-04-27 12:18:26,173 - main.py[line:106] - INFO - baidu weigou is empty, so go to JingDong shop......
2015-04-27 12:18:26,323 - Spider.py[line:64] - INFO - [spider: jd] Request for  'http://m.jd.com/ware/search.action?keyword=%E5%B0%8F%E7%B1%B3%E6%89%8B%E7%8E%AF' , resp code is 200
2015-04-27 12:18:26,325 - jdspider.py[line:21] - INFO - request for items in 京东...
2015-04-27 12:18:31,174 - baidurun.py[line:26] - DEBUG - Result is []
2015-04-27 12:18:31,174 - baidurun.py[line:27] - INFO - ...............Finish  This Search Session and wait for next .........


2015-04-27 12:18:42,571 - baidurun.py[line:16] - INFO - .........START to ..........Search...................

2015-04-27 12:18:43,033 - Spider.py[line:64] - INFO - [spider: bd] Request for  'http://weigou.baidu.com/search?q=%E5%B0%8F%E7%B1%B3%E6%89%8B%E7%8E%AF' , resp code is 200
2015-04-27 12:18:43,058 - bdwgpider.py[line:21] - INFO - request for cate....and cate is 数码配件
2015-04-27 12:18:43,058 - bdwgpider.py[line:22] - INFO - request for items in 百度微购
2015-04-27 12:18:43,062 - main.py[line:106] - INFO - baidu weigou is empty, so go to JingDong shop......
2015-04-27 12:18:43,200 - Spider.py[line:64] - INFO - [spider: jd] Request for  'http://m.jd.com/ware/search.action?keyword=%E5%B0%8F%E7%B1%B3%E6%89%8B%E7%8E%AF' , resp code is 200
2015-04-27 12:18:43,200 - jdspider.py[line:21] - INFO - request for items in 京东...
2015-04-27 12:18:43,401 - jdspider.py[line:37] - INFO - request for cate....and cate is 智能设备
2015-04-27 12:18:43,427 - baidurun.py[line:24] - DEBUG - Request is : [[1, u'\u5c0f\u7c73\uff08MI\uff09\u624b\u73af \u667a\u80fd\u9632\u6c34\u8fd0\u52a8\u624b\u73af  \u8ba1\u6b65\u5668 \u53ef\u76d1\u6d4b\u5065\u5eb7\u7761\u7720 \u9ed1\u8272\u539f\u5c01', u'89.00', u'http://img12.360buyimg.com/n7/jfs/t481/189/840892334/115730/d6e4aa34/5490006aN11f146d1.jpg!q70.jpg', u'http://item.m.jd.com/ware/view.action?wareId=1424211542', '\xe6\x99\xba\xe8\x83\xbd\xe8\xae\xbe\xe5\xa4\x87'], [1, u'\u5c0f\u7c73\uff08MI\uff09\u5c0f\u7c73\u624b\u73af\u8155\u5e26 \u84dd\u8272', u'19.90', u'http://img30.360buyimg.com/n7/jfs/t835/309/335968231/53331/202a6ab/55192724Nac1c9877.jpg!q70.jpg', u'http://item.m.jd.com/ware/view.action?wareId=1340486', '\xe6\x99\xba\xe8\x83\xbd\xe8\xae\xbe\xe5\xa4\x87'], [1, u'\u5c0f\u7c73\uff08MI\uff09\u624b\u73af \u667a\u80fd\u9632\u6c34\u8fd0\u52a8\u624b\u73af  \u8ba1\u6b65\u5668 \u53ef\u76d1\u6d4b\u5065\u5eb7\u7761\u7720 \u9ed1\u8272\u539f\u5c01+\u84dd\u8272\u975e\u5c0f\u7c73\u8155\u5e26', u'99.00', u'http://img30.360buyimg.com/n7/jfs/t496/209/838918345/135780/a6226c0a/549002f4N4f81b75d.jpg!q70.jpg', u'http://item.m.jd.com/ware/view.action?wareId=1424211546', '\xe6\x99\xba\xe8\x83\xbd\xe8\xae\xbe\xe5\xa4\x87'], [1, u'\u5c0f\u7c73\uff08MI\uff09\u624b\u73af \u667a\u80fd\u9632\u6c34\u8fd0\u52a8\u624b\u73af  \u8ba1\u6b65\u5668 \u53ef\u76d1\u6d4b\u5065\u5eb7\u7761\u7720 \u9ed1\u8272\u539f\u5c01+\u7c89\u8272\u975e\u5c0f\u7c73\u8155\u5e26', u'99.00', u'http://img14.360buyimg.com/n7/jfs/t502/180/850944128/126322/cba920c9/54900251Nd7d67527.jpg!q70.jpg', u'http://item.m.jd.com/ware/view.action?wareId=1424211544', '\xe6\x99\xba\xe8\x83\xbd\xe8\xae\xbe\xe5\xa4\x87'], [1, u'\u5c0f\u7c73\uff08MI\uff09\u624b\u73af\u667a\u80fd\u8155\u5e26\u84dd\u7259\u667a\u80fd\u624b\u8868\u9632\u6c34\u5065\u5eb7\u7761\u7720\u76d1\u6d4b \u9ed1\u8272\u539f\u88c5\u624b\u73af+\u7c89\u8272\u975e\u539f\u88c5\u8155\u5e26', u'99.00', u'http://img12.360buyimg.com/n7/jfs/t658/172/1197744366/146053/a11e1177/54bca43fNf5a09e07.jpg!q70.jpg', u'http://item.m.jd.com/ware/view.action?wareId=1455666892', '\xe6\x99\xba\xe8\x83\xbd\xe8\xae\xbe\xe5\xa4\x87']]
2015-04-27 12:18:43,427 - baidurun.py[line:27] - INFO - ...............Finish  This Search Session and wait for next .........


2015-04-27 12:18:58,924 - baidurun.py[line:16] - INFO - .........START to ..........Search...................

2015-04-27 12:18:59,405 - Spider.py[line:64] - INFO - [spider: bd] Request for  'http://weigou.baidu.com/search?q=%E5%B0%8F%E7%B1%B3%E6%89%8B%E7%8E%AF' , resp code is 200
2015-04-27 12:18:59,427 - bdwgpider.py[line:21] - INFO - request for cate....and cate is 数码配件
2015-04-27 12:18:59,427 - bdwgpider.py[line:22] - INFO - request for items in 百度微购
2015-04-27 12:18:59,434 - main.py[line:106] - INFO - baidu weigou is empty, so go to JingDong shop......
2015-04-27 12:18:59,578 - Spider.py[line:64] - INFO - [spider: jd] Request for  'http://m.jd.com/ware/search.action?keyword=%E5%B0%8F%E7%B1%B3%E6%89%8B%E7%8E%AF' , resp code is 200
2015-04-27 12:18:59,578 - jdspider.py[line:21] - INFO - request for items in 京东...
2015-04-27 12:18:59,747 - jdspider.py[line:37] - INFO - request for cate....and cate is 智能设备
2015-04-27 12:18:59,799 - baidurun.py[line:24] - DEBUG - Request is : [[1, u'\u5c0f\u7c73\uff08MI\uff09\u624b\u73af \u667a\u80fd\u9632\u6c34\u8fd0\u52a8\u624b\u73af  \u8ba1\u6b65\u5668 \u53ef\u76d1\u6d4b\u5065\u5eb7\u7761\u7720 \u9ed1\u8272\u539f\u5c01', u'89.00', u'http://img12.360buyimg.com/n7/jfs/t481/189/840892334/115730/d6e4aa34/5490006aN11f146d1.jpg!q70.jpg', u'http://item.m.jd.com/ware/view.action?wareId=1424211542', '\xe6\x99\xba\xe8\x83\xbd\xe8\xae\xbe\xe5\xa4\x87'], [1, u'\u5c0f\u7c73\uff08MI\uff09\u5c0f\u7c73\u624b\u73af\u8155\u5e26 \u84dd\u8272', u'19.90', u'http://img30.360buyimg.com/n7/jfs/t835/309/335968231/53331/202a6ab/55192724Nac1c9877.jpg!q70.jpg', u'http://item.m.jd.com/ware/view.action?wareId=1340486', '\xe6\x99\xba\xe8\x83\xbd\xe8\xae\xbe\xe5\xa4\x87'], [1, u'\u5c0f\u7c73\uff08MI\uff09\u624b\u73af \u667a\u80fd\u9632\u6c34\u8fd0\u52a8\u624b\u73af  \u8ba1\u6b65\u5668 \u53ef\u76d1\u6d4b\u5065\u5eb7\u7761\u7720 \u9ed1\u8272\u539f\u5c01+\u84dd\u8272\u975e\u5c0f\u7c73\u8155\u5e26', u'99.00', u'http://img30.360buyimg.com/n7/jfs/t496/209/838918345/135780/a6226c0a/549002f4N4f81b75d.jpg!q70.jpg', u'http://item.m.jd.com/ware/view.action?wareId=1424211546', '\xe6\x99\xba\xe8\x83\xbd\xe8\xae\xbe\xe5\xa4\x87'], [1, u'\u5c0f\u7c73\uff08MI\uff09\u624b\u73af \u667a\u80fd\u9632\u6c34\u8fd0\u52a8\u624b\u73af  \u8ba1\u6b65\u5668 \u53ef\u76d1\u6d4b\u5065\u5eb7\u7761\u7720 \u9ed1\u8272\u539f\u5c01+\u7c89\u8272\u975e\u5c0f\u7c73\u8155\u5e26', u'99.00', u'http://img14.360buyimg.com/n7/jfs/t502/180/850944128/126322/cba920c9/54900251Nd7d67527.jpg!q70.jpg', u'http://item.m.jd.com/ware/view.action?wareId=1424211544', '\xe6\x99\xba\xe8\x83\xbd\xe8\xae\xbe\xe5\xa4\x87'], [1, u'\u5c0f\u7c73\uff08MI\uff09\u624b\u73af\u667a\u80fd\u8155\u5e26\u84dd\u7259\u667a\u80fd\u624b\u8868\u9632\u6c34\u5065\u5eb7\u7761\u7720\u76d1\u6d4b \u9ed1\u8272\u539f\u88c5\u624b\u73af+\u7c89\u8272\u975e\u539f\u88c5\u8155\u5e26', u'99.00', u'http://img12.360buyimg.com/n7/jfs/t658/172/1197744366/146053/a11e1177/54bca43fNf5a09e07.jpg!q70.jpg', u'http://item.m.jd.com/ware/view.action?wareId=1455666892', '\xe6\x99\xba\xe8\x83\xbd\xe8\xae\xbe\xe5\xa4\x87']]
2015-04-27 12:18:59,799 - baidurun.py[line:27] - INFO - ...............Finish  This Search Session and wait for next .........


2015-04-27 12:19:08,858 - baidurun.py[line:16] - INFO - .........START to ..........Search...................

2015-04-27 12:19:09,348 - Spider.py[line:64] - INFO - [spider: bd] Request for  'http://weigou.baidu.com/search?q=%E5%B0%8F%E7%B1%B3%E6%89%8B%E7%8E%AF' , resp code is 200
2015-04-27 12:19:09,392 - bdwgpider.py[line:21] - INFO - request for cate....and cate is 数码配件
2015-04-27 12:19:09,392 - bdwgpider.py[line:22] - INFO - request for items in 百度微购
2015-04-27 12:19:09,397 - main.py[line:106] - INFO - baidu weigou is empty, so go to JingDong shop......
2015-04-27 12:19:09,525 - Spider.py[line:64] - INFO - [spider: jd] Request for  'http://m.jd.com/ware/search.action?keyword=%E5%B0%8F%E7%B1%B3%E6%89%8B%E7%8E%AF' , resp code is 200
2015-04-27 12:19:09,526 - jdspider.py[line:21] - INFO - request for items in 京东...
2015-04-27 12:19:09,671 - jdspider.py[line:37] - INFO - request for cate....and cate is 智能设备
2015-04-27 12:19:09,713 - baidurun.py[line:24] - DEBUG - Request is : [[1, u'\u5c0f\u7c73\uff08MI\uff09\u624b\u73af \u667a\u80fd\u9632\u6c34\u8fd0\u52a8\u624b\u73af  \u8ba1\u6b65\u5668 \u53ef\u76d1\u6d4b\u5065\u5eb7\u7761\u7720 \u9ed1\u8272\u539f\u5c01', u'89.00', u'http://img12.360buyimg.com/n7/jfs/t481/189/840892334/115730/d6e4aa34/5490006aN11f146d1.jpg!q70.jpg', u'http://item.m.jd.com/ware/view.action?wareId=1424211542', '\xe6\x99\xba\xe8\x83\xbd\xe8\xae\xbe\xe5\xa4\x87'], [1, u'\u5c0f\u7c73\uff08MI\uff09\u5c0f\u7c73\u624b\u73af\u8155\u5e26 \u84dd\u8272', u'19.90', u'http://img30.360buyimg.com/n7/jfs/t835/309/335968231/53331/202a6ab/55192724Nac1c9877.jpg!q70.jpg', u'http://item.m.jd.com/ware/view.action?wareId=1340486', '\xe6\x99\xba\xe8\x83\xbd\xe8\xae\xbe\xe5\xa4\x87'], [1, u'\u5c0f\u7c73\uff08MI\uff09\u624b\u73af \u667a\u80fd\u9632\u6c34\u8fd0\u52a8\u624b\u73af  \u8ba1\u6b65\u5668 \u53ef\u76d1\u6d4b\u5065\u5eb7\u7761\u7720 \u9ed1\u8272\u539f\u5c01+\u84dd\u8272\u975e\u5c0f\u7c73\u8155\u5e26', u'99.00', u'http://img30.360buyimg.com/n7/jfs/t496/209/838918345/135780/a6226c0a/549002f4N4f81b75d.jpg!q70.jpg', u'http://item.m.jd.com/ware/view.action?wareId=1424211546', '\xe6\x99\xba\xe8\x83\xbd\xe8\xae\xbe\xe5\xa4\x87'], [1, u'\u5c0f\u7c73\uff08MI\uff09\u624b\u73af \u667a\u80fd\u9632\u6c34\u8fd0\u52a8\u624b\u73af  \u8ba1\u6b65\u5668 \u53ef\u76d1\u6d4b\u5065\u5eb7\u7761\u7720 \u9ed1\u8272\u539f\u5c01+\u7c89\u8272\u975e\u5c0f\u7c73\u8155\u5e26', u'99.00', u'http://img14.360buyimg.com/n7/jfs/t502/180/850944128/126322/cba920c9/54900251Nd7d67527.jpg!q70.jpg', u'http://item.m.jd.com/ware/view.action?wareId=1424211544', '\xe6\x99\xba\xe8\x83\xbd\xe8\xae\xbe\xe5\xa4\x87'], [1, u'\u5c0f\u7c73\uff08MI\uff09\u624b\u73af\u667a\u80fd\u8155\u5e26\u84dd\u7259\u667a\u80fd\u624b\u8868\u9632\u6c34\u5065\u5eb7\u7761\u7720\u76d1\u6d4b \u9ed1\u8272\u539f\u88c5\u624b\u73af+\u7c89\u8272\u975e\u539f\u88c5\u8155\u5e26', u'99.00', u'http://img12.360buyimg.com/n7/jfs/t658/172/1197744366/146053/a11e1177/54bca43fNf5a09e07.jpg!q70.jpg', u'http://item.m.jd.com/ware/view.action?wareId=1455666892', '\xe6\x99\xba\xe8\x83\xbd\xe8\xae\xbe\xe5\xa4\x87']]
2015-04-27 12:19:09,713 - baidurun.py[line:27] - INFO - ...............Finish  This Search Session and wait for next .........


2015-04-27 12:20:31,601 - baidurun.py[line:16] - INFO - .........START to ..........Search...................

2015-04-27 12:20:32,252 - Spider.py[line:64] - INFO - [spider: bd] Request for  'http://weigou.baidu.com/search?q=%E6%95%85%E4%BA%8B%E4%BC%9A' , resp code is 200
2015-04-27 12:20:32,279 - bdwgpider.py[line:21] - INFO - request for cate....and cate is 早教益智
2015-04-27 12:20:32,280 - bdwgpider.py[line:22] - INFO - request for items in 百度微购
2015-04-27 12:20:32,413 - bdwgpider.py[line:39] - INFO - {'price': u'\xa524.70', 'image_url': 'http://t10.baidu.com/it/u=3553513029,4119227919&fm=58', 'good_url': u'http://weigou.baidu.com/site/transition?pid=371529881&merchant_name=1%E5%8F%B7%E5%BA%97&product_url=http%3A%2F%2Fitem.yhd.com%2Fitem%2F4399248%3Ftracker_u%3D10778743%26union_ref%3D5%26weigou_transition_key%3Df63750c0c0f073a8e8044a4960085710', 'good_name': u'\u56fe\u4e66 \u82f1\u8bed\u6545\u4e8b\u4f1a\uff1a\u5947\u601d\u5999\u60f3 2011-08-01', 'cate': u'\u65e9\u6559\u76ca\u667a'}
2015-04-27 12:20:32,556 - bdwgpider.py[line:39] - INFO - {'price': u'\xa511.20', 'image_url': 'http://t12.baidu.com/it/u=567571838,406619205&fm=58', 'good_url': u'http://weigou.baidu.com/site/transition?pid=372254774&merchant_name=1%E5%8F%B7%E5%BA%97&product_url=http%3A%2F%2Fitem.yhd.com%2Fitem%2F23664907%3Ftracker_u%3D10778743%26union_ref%3D5%26weigou_transition_key%3Dea8799574395eb35c77e06603be93ce7', 'good_name': u'\u4e2d\u56fd\u5f0f\u95ee\u5019/\u793e\u4f1a\u5199\u771f\u7cfb\u5217/\u6545\u4e8b\u4f1a\u5f53\u4ee3\u6545\u4e8b\u6587\u5b66\u8bfb\u672c\uff08\u535a\u5e93\uff09', 'cate': u'\u65e9\u6559\u76ca\u667a'}
2015-04-27 12:20:32,707 - bdwgpider.py[line:39] - INFO - {'price': u'\xa59.68', 'image_url': 'http://t11.baidu.com/it/u=778292242,3906170569&fm=58', 'good_url': u'http://weigou.baidu.com/site/transition?pid=374523989&merchant_name=1%E5%8F%B7%E5%BA%97&product_url=http%3A%2F%2Fitem.yhd.com%2Fitem%2F36897484%3Ftracker_u%3D10778743%26union_ref%3D5%26weigou_transition_key%3D3e9646059aa34aa0f2ef400d5eea40bd', 'good_name': u'\u4e2d\u534e\u6c11\u95f4\u7ecf\u5178\u6545\u4e8b\u4f1a\uff08\u571f\u7279\u4ea7\u4f20\u8bf4\uff09\uff1a\u675c\u5eb7\u5356\u9152', 'cate': u'\u65e9\u6559\u76ca\u667a'}
2015-04-27 12:20:32,852 - bdwgpider.py[line:39] - INFO - {'price': u'\xa53.00', 'image_url': 'http://t10.baidu.com/it/u=3561332310,356468514&fm=58', 'good_url': u'http://weigou.baidu.com/site/transition?pid=448878614&merchant_name=%E5%BD%93%E5%BD%93%E7%BD%91&product_url=http%3A%2F%2Funion.dangdang.com%2Ftransfer.php%3Fsys_id%3D1%26ad_type%3D10%26from%3DP-323425-1900287891-514ad110f1971%26backurl%3Dhttp%253A%252F%252Fproduct.dangdang.com%252F1900287891.html%26weigou_transition_key%3Dc7d8a57adec7f5ec004ddd7595d63473', 'good_name': u'\u7ea2\u888b\u9f20\u6545\u4e8b\u4f1a\xb7\u79cb\u5929\u7684\u56fe\u753b(\u591a\u5a92\u4f53\u7535\u5b50\u4e66)', 'cate': u'\u65e9\u6559\u76ca\u667a'}
2015-04-27 12:20:32,984 - bdwgpider.py[line:39] - INFO - {'price': u'\xa53.60', 'image_url': 'http://t12.baidu.com/it/u=728518535,4139432124&fm=58', 'good_url': u'http://weigou.baidu.com/site/transition?pid=371479173&merchant_name=1%E5%8F%B7%E5%BA%97&product_url=http%3A%2F%2Fitem.yhd.com%2Fitem%2F3298927%3Ftracker_u%3D10778743%26union_ref%3D5%26weigou_transition_key%3D8f2bbb47c7297447bb4f8ccd9d7b1184', 'good_name': u'\u56fe\u4e66\u51b3\u6597\u6545\u4e8b/\u6545\u4e8b\u4f1a5\u5143\u7cbe\u54c1\u7cfb\u5217', 'cate': u'\u65e9\u6559\u76ca\u667a'}
2015-04-27 12:20:32,987 - baidurun.py[line:24] - DEBUG - Request is : [[3, u'\u56fe\u4e66 \u82f1\u8bed\u6545\u4e8b\u4f1a\uff1a\u5947\u601d\u5999\u60f3 2011-08-01', u'24.70', 'http://query.viscovery.net.cn/hrs_img.php?img_url=aHR0cDovL3QxMC5iYWlkdS5jb20vaXQvdT0zNTUzNTEzMDI5LDQxMTkyMjc5MTkmZm09NTg=\n', u'http://item.m.yhd.com/item/4399248', u'\u65e9\u6559\u76ca\u667a'], [3, u'\u4e2d\u56fd\u5f0f\u95ee\u5019/\u793e\u4f1a\u5199\u771f\u7cfb\u5217/\u6545\u4e8b\u4f1a\u5f53\u4ee3\u6545\u4e8b\u6587\u5b66\u8bfb\u672c\uff08\u535a\u5e93\uff09', u'11.20', 'http://query.viscovery.net.cn/hrs_img.php?img_url=aHR0cDovL3QxMi5iYWlkdS5jb20vaXQvdT01Njc1NzE4MzgsNDA2NjE5MjA1JmZtPTU4\n', u'http://item.m.yhd.com/item/23664907', u'\u65e9\u6559\u76ca\u667a'], [3, u'\u4e2d\u534e\u6c11\u95f4\u7ecf\u5178\u6545\u4e8b\u4f1a\uff08\u571f\u7279\u4ea7\u4f20\u8bf4\uff09\uff1a\u675c\u5eb7\u5356\u9152', u'9.68', 'http://query.viscovery.net.cn/hrs_img.php?img_url=aHR0cDovL3QxMS5iYWlkdS5jb20vaXQvdT03NzgyOTIyNDIsMzkwNjE3MDU2OSZmbT01OA==\n', u'http://item.m.yhd.com/item/36897484', u'\u65e9\u6559\u76ca\u667a'], [5, u'\u7ea2\u888b\u9f20\u6545\u4e8b\u4f1a\xb7\u79cb\u5929\u7684\u56fe\u753b(\u591a\u5a92\u4f53\u7535\u5b50\u4e66)', u'3.00', 'http://query.viscovery.net.cn/hrs_img.php?img_url=aHR0cDovL3QxMC5iYWlkdS5jb20vaXQvdT0zNTYxMzMyMzEwLDM1NjQ2ODUxNCZmbT01OA==\n', 'http://m.dangdang.com/product.php?pid=1900287891', u'\u65e9\u6559\u76ca\u667a'], [3, u'\u56fe\u4e66\u51b3\u6597\u6545\u4e8b/\u6545\u4e8b\u4f1a5\u5143\u7cbe\u54c1\u7cfb\u5217', u'3.60', 'http://query.viscovery.net.cn/hrs_img.php?img_url=aHR0cDovL3QxMi5iYWlkdS5jb20vaXQvdT03Mjg1MTg1MzUsNDEzOTQzMjEyNCZmbT01OA==\n', u'http://item.m.yhd.com/item/3298927', u'\u65e9\u6559\u76ca\u667a']]
2015-04-27 12:20:32,987 - baidurun.py[line:27] - INFO - ...............Finish  This Search Session and wait for next .........


2015-04-27 12:21:35,786 - baidurun.py[line:16] - INFO - .........START to ..........Search...................

2015-04-27 12:21:36,404 - Spider.py[line:64] - INFO - [spider: bd] Request for  'http://weigou.baidu.com/search?q=%E6%95%85%E4%BA%8B%E4%BC%9A' , resp code is 200
2015-04-27 12:21:36,434 - bdwgpider.py[line:21] - INFO - request for cate....and cate is 早教益智
2015-04-27 12:21:36,434 - bdwgpider.py[line:22] - INFO - request for items in 百度微购
2015-04-27 12:21:36,555 - bdwgpider.py[line:39] - DEBUG - item is {'price': u'\xa524.70', 'image_url': 'http://t10.baidu.com/it/u=3553513029,4119227919&fm=58', 'good_url': u'http://weigou.baidu.com/site/transition?pid=371529881&merchant_name=1%E5%8F%B7%E5%BA%97&product_url=http%3A%2F%2Fitem.yhd.com%2Fitem%2F4399248%3Ftracker_u%3D10778743%26union_ref%3D5%26weigou_transition_key%3Df63750c0c0f073a8e8044a4960085710', 'good_name': u'\u56fe\u4e66 \u82f1\u8bed\u6545\u4e8b\u4f1a\uff1a\u5947\u601d\u5999\u60f3 2011-08-01', 'cate': u'\u65e9\u6559\u76ca\u667a'}
2015-04-27 12:21:36,684 - bdwgpider.py[line:39] - DEBUG - item is {'price': u'\xa511.20', 'image_url': 'http://t12.baidu.com/it/u=567571838,406619205&fm=58', 'good_url': u'http://weigou.baidu.com/site/transition?pid=372254774&merchant_name=1%E5%8F%B7%E5%BA%97&product_url=http%3A%2F%2Fitem.yhd.com%2Fitem%2F23664907%3Ftracker_u%3D10778743%26union_ref%3D5%26weigou_transition_key%3Dea8799574395eb35c77e06603be93ce7', 'good_name': u'\u4e2d\u56fd\u5f0f\u95ee\u5019/\u793e\u4f1a\u5199\u771f\u7cfb\u5217/\u6545\u4e8b\u4f1a\u5f53\u4ee3\u6545\u4e8b\u6587\u5b66\u8bfb\u672c\uff08\u535a\u5e93\uff09', 'cate': u'\u65e9\u6559\u76ca\u667a'}
2015-04-27 12:21:36,826 - bdwgpider.py[line:39] - DEBUG - item is {'price': u'\xa59.68', 'image_url': 'http://t11.baidu.com/it/u=778292242,3906170569&fm=58', 'good_url': u'http://weigou.baidu.com/site/transition?pid=374523989&merchant_name=1%E5%8F%B7%E5%BA%97&product_url=http%3A%2F%2Fitem.yhd.com%2Fitem%2F36897484%3Ftracker_u%3D10778743%26union_ref%3D5%26weigou_transition_key%3D3e9646059aa34aa0f2ef400d5eea40bd', 'good_name': u'\u4e2d\u534e\u6c11\u95f4\u7ecf\u5178\u6545\u4e8b\u4f1a\uff08\u571f\u7279\u4ea7\u4f20\u8bf4\uff09\uff1a\u675c\u5eb7\u5356\u9152', 'cate': u'\u65e9\u6559\u76ca\u667a'}
2015-04-27 12:21:36,970 - bdwgpider.py[line:39] - DEBUG - item is {'price': u'\xa53.00', 'image_url': 'http://t10.baidu.com/it/u=3561332310,356468514&fm=58', 'good_url': u'http://weigou.baidu.com/site/transition?pid=448878614&merchant_name=%E5%BD%93%E5%BD%93%E7%BD%91&product_url=http%3A%2F%2Funion.dangdang.com%2Ftransfer.php%3Fsys_id%3D1%26ad_type%3D10%26from%3DP-323425-1900287891-32cec2d0d872f4%26backurl%3Dhttp%253A%252F%252Fproduct.dangdang.com%252F1900287891.html%26weigou_transition_key%3Dcd35be6ce340e7d913cb3389cd79d4fd', 'good_name': u'\u7ea2\u888b\u9f20\u6545\u4e8b\u4f1a\xb7\u79cb\u5929\u7684\u56fe\u753b(\u591a\u5a92\u4f53\u7535\u5b50\u4e66)', 'cate': u'\u65e9\u6559\u76ca\u667a'}
2015-04-27 12:21:37,096 - bdwgpider.py[line:39] - DEBUG - item is {'price': u'\xa53.60', 'image_url': 'http://t12.baidu.com/it/u=728518535,4139432124&fm=58', 'good_url': u'http://weigou.baidu.com/site/transition?pid=371479173&merchant_name=1%E5%8F%B7%E5%BA%97&product_url=http%3A%2F%2Fitem.yhd.com%2Fitem%2F3298927%3Ftracker_u%3D10778743%26union_ref%3D5%26weigou_transition_key%3D8f2bbb47c7297447bb4f8ccd9d7b1184', 'good_name': u'\u56fe\u4e66\u51b3\u6597\u6545\u4e8b/\u6545\u4e8b\u4f1a5\u5143\u7cbe\u54c1\u7cfb\u5217', 'cate': u'\u65e9\u6559\u76ca\u667a'}
2015-04-27 12:21:37,099 - baidurun.py[line:24] - DEBUG - Request is : [[3, u'\u56fe\u4e66 \u82f1\u8bed\u6545\u4e8b\u4f1a\uff1a\u5947\u601d\u5999\u60f3 2011-08-01', u'24.70', 'http://query.viscovery.net.cn/hrs_img.php?img_url=aHR0cDovL3QxMC5iYWlkdS5jb20vaXQvdT0zNTUzNTEzMDI5LDQxMTkyMjc5MTkmZm09NTg=\n', u'http://item.m.yhd.com/item/4399248', u'\u65e9\u6559\u76ca\u667a'], [3, u'\u4e2d\u56fd\u5f0f\u95ee\u5019/\u793e\u4f1a\u5199\u771f\u7cfb\u5217/\u6545\u4e8b\u4f1a\u5f53\u4ee3\u6545\u4e8b\u6587\u5b66\u8bfb\u672c\uff08\u535a\u5e93\uff09', u'11.20', 'http://query.viscovery.net.cn/hrs_img.php?img_url=aHR0cDovL3QxMi5iYWlkdS5jb20vaXQvdT01Njc1NzE4MzgsNDA2NjE5MjA1JmZtPTU4\n', u'http://item.m.yhd.com/item/23664907', u'\u65e9\u6559\u76ca\u667a'], [3, u'\u4e2d\u534e\u6c11\u95f4\u7ecf\u5178\u6545\u4e8b\u4f1a\uff08\u571f\u7279\u4ea7\u4f20\u8bf4\uff09\uff1a\u675c\u5eb7\u5356\u9152', u'9.68', 'http://query.viscovery.net.cn/hrs_img.php?img_url=aHR0cDovL3QxMS5iYWlkdS5jb20vaXQvdT03NzgyOTIyNDIsMzkwNjE3MDU2OSZmbT01OA==\n', u'http://item.m.yhd.com/item/36897484', u'\u65e9\u6559\u76ca\u667a'], [5, u'\u7ea2\u888b\u9f20\u6545\u4e8b\u4f1a\xb7\u79cb\u5929\u7684\u56fe\u753b(\u591a\u5a92\u4f53\u7535\u5b50\u4e66)', u'3.00', 'http://query.viscovery.net.cn/hrs_img.php?img_url=aHR0cDovL3QxMC5iYWlkdS5jb20vaXQvdT0zNTYxMzMyMzEwLDM1NjQ2ODUxNCZmbT01OA==\n', 'http://m.dangdang.com/product.php?pid=1900287891', u'\u65e9\u6559\u76ca\u667a'], [3, u'\u56fe\u4e66\u51b3\u6597\u6545\u4e8b/\u6545\u4e8b\u4f1a5\u5143\u7cbe\u54c1\u7cfb\u5217', u'3.60', 'http://query.viscovery.net.cn/hrs_img.php?img_url=aHR0cDovL3QxMi5iYWlkdS5jb20vaXQvdT03Mjg1MTg1MzUsNDEzOTQzMjEyNCZmbT01OA==\n', u'http://item.m.yhd.com/item/3298927', u'\u65e9\u6559\u76ca\u667a']]
2015-04-27 12:21:37,099 - baidurun.py[line:27] - INFO - ...............Finish  This Search Session and wait for next .........


2015-04-27 12:23:32,092 - baidurun.py[line:16] - INFO - .........START to ..........Search...................

2015-04-27 12:23:32,690 - Spider.py[line:64] - INFO - [spider: bd] Request for  'http://weigou.baidu.com/search?q=%E6%95%85%E4%BA%8B%E4%BC%9A' , resp code is 200
2015-04-27 12:23:32,717 - Spider.py[line:73] - INFO - Xpath parse is <Element html at 0x31674b8>
2015-04-27 12:23:32,720 - bdwgpider.py[line:21] - INFO - request for cate....and cate is 早教益智
2015-04-27 12:23:32,720 - bdwgpider.py[line:22] - INFO - request for items in 百度微购
2015-04-27 12:23:32,845 - bdwgpider.py[line:39] - DEBUG - item is {'price': u'\xa524.70', 'image_url': 'http://t10.baidu.com/it/u=3553513029,4119227919&fm=58', 'good_url': u'http://weigou.baidu.com/site/transition?pid=371529881&merchant_name=1%E5%8F%B7%E5%BA%97&product_url=http%3A%2F%2Fitem.yhd.com%2Fitem%2F4399248%3Ftracker_u%3D10778743%26union_ref%3D5%26weigou_transition_key%3Df63750c0c0f073a8e8044a4960085710', 'good_name': u'\u56fe\u4e66 \u82f1\u8bed\u6545\u4e8b\u4f1a\uff1a\u5947\u601d\u5999\u60f3 2011-08-01', 'cate': u'\u65e9\u6559\u76ca\u667a'}
2015-04-27 12:23:32,980 - bdwgpider.py[line:39] - DEBUG - item is {'price': u'\xa511.20', 'image_url': 'http://t12.baidu.com/it/u=567571838,406619205&fm=58', 'good_url': u'http://weigou.baidu.com/site/transition?pid=372254774&merchant_name=1%E5%8F%B7%E5%BA%97&product_url=http%3A%2F%2Fitem.yhd.com%2Fitem%2F23664907%3Ftracker_u%3D10778743%26union_ref%3D5%26weigou_transition_key%3Dea8799574395eb35c77e06603be93ce7', 'good_name': u'\u4e2d\u56fd\u5f0f\u95ee\u5019/\u793e\u4f1a\u5199\u771f\u7cfb\u5217/\u6545\u4e8b\u4f1a\u5f53\u4ee3\u6545\u4e8b\u6587\u5b66\u8bfb\u672c\uff08\u535a\u5e93\uff09', 'cate': u'\u65e9\u6559\u76ca\u667a'}
2015-04-27 12:23:33,119 - bdwgpider.py[line:39] - DEBUG - item is {'price': u'\xa59.68', 'image_url': 'http://t11.baidu.com/it/u=778292242,3906170569&fm=58', 'good_url': u'http://weigou.baidu.com/site/transition?pid=374523989&merchant_name=1%E5%8F%B7%E5%BA%97&product_url=http%3A%2F%2Fitem.yhd.com%2Fitem%2F36897484%3Ftracker_u%3D10778743%26union_ref%3D5%26weigou_transition_key%3D3e9646059aa34aa0f2ef400d5eea40bd', 'good_name': u'\u4e2d\u534e\u6c11\u95f4\u7ecf\u5178\u6545\u4e8b\u4f1a\uff08\u571f\u7279\u4ea7\u4f20\u8bf4\uff09\uff1a\u675c\u5eb7\u5356\u9152', 'cate': u'\u65e9\u6559\u76ca\u667a'}
2015-04-27 12:23:33,246 - bdwgpider.py[line:39] - DEBUG - item is {'price': u'\xa53.00', 'image_url': 'http://t10.baidu.com/it/u=3561332310,356468514&fm=58', 'good_url': u'http://weigou.baidu.com/site/transition?pid=448878614&merchant_name=%E5%BD%93%E5%BD%93%E7%BD%91&product_url=http%3A%2F%2Funion.dangdang.com%2Ftransfer.php%3Fsys_id%3D1%26ad_type%3D10%26from%3DP-323425-1900287891-32cec316247dc1%26backurl%3Dhttp%253A%252F%252Fproduct.dangdang.com%252F1900287891.html%26weigou_transition_key%3Dc45441b93c3aa21ebe682fb0d081e31c', 'good_name': u'\u7ea2\u888b\u9f20\u6545\u4e8b\u4f1a\xb7\u79cb\u5929\u7684\u56fe\u753b(\u591a\u5a92\u4f53\u7535\u5b50\u4e66)', 'cate': u'\u65e9\u6559\u76ca\u667a'}
2015-04-27 12:23:33,382 - bdwgpider.py[line:39] - DEBUG - item is {'price': u'\xa53.60', 'image_url': 'http://t12.baidu.com/it/u=728518535,4139432124&fm=58', 'good_url': u'http://weigou.baidu.com/site/transition?pid=371479173&merchant_name=1%E5%8F%B7%E5%BA%97&product_url=http%3A%2F%2Fitem.yhd.com%2Fitem%2F3298927%3Ftracker_u%3D10778743%26union_ref%3D5%26weigou_transition_key%3D8f2bbb47c7297447bb4f8ccd9d7b1184', 'good_name': u'\u56fe\u4e66\u51b3\u6597\u6545\u4e8b/\u6545\u4e8b\u4f1a5\u5143\u7cbe\u54c1\u7cfb\u5217', 'cate': u'\u65e9\u6559\u76ca\u667a'}
2015-04-27 12:23:33,385 - baidurun.py[line:24] - DEBUG - Request is : [[3, u'\u56fe\u4e66 \u82f1\u8bed\u6545\u4e8b\u4f1a\uff1a\u5947\u601d\u5999\u60f3 2011-08-01', u'24.70', 'http://query.viscovery.net.cn/hrs_img.php?img_url=aHR0cDovL3QxMC5iYWlkdS5jb20vaXQvdT0zNTUzNTEzMDI5LDQxMTkyMjc5MTkmZm09NTg=\n', u'http://item.m.yhd.com/item/4399248', u'\u65e9\u6559\u76ca\u667a'], [3, u'\u4e2d\u56fd\u5f0f\u95ee\u5019/\u793e\u4f1a\u5199\u771f\u7cfb\u5217/\u6545\u4e8b\u4f1a\u5f53\u4ee3\u6545\u4e8b\u6587\u5b66\u8bfb\u672c\uff08\u535a\u5e93\uff09', u'11.20', 'http://query.viscovery.net.cn/hrs_img.php?img_url=aHR0cDovL3QxMi5iYWlkdS5jb20vaXQvdT01Njc1NzE4MzgsNDA2NjE5MjA1JmZtPTU4\n', u'http://item.m.yhd.com/item/23664907', u'\u65e9\u6559\u76ca\u667a'], [3, u'\u4e2d\u534e\u6c11\u95f4\u7ecf\u5178\u6545\u4e8b\u4f1a\uff08\u571f\u7279\u4ea7\u4f20\u8bf4\uff09\uff1a\u675c\u5eb7\u5356\u9152', u'9.68', 'http://query.viscovery.net.cn/hrs_img.php?img_url=aHR0cDovL3QxMS5iYWlkdS5jb20vaXQvdT03NzgyOTIyNDIsMzkwNjE3MDU2OSZmbT01OA==\n', u'http://item.m.yhd.com/item/36897484', u'\u65e9\u6559\u76ca\u667a'], [5, u'\u7ea2\u888b\u9f20\u6545\u4e8b\u4f1a\xb7\u79cb\u5929\u7684\u56fe\u753b(\u591a\u5a92\u4f53\u7535\u5b50\u4e66)', u'3.00', 'http://query.viscovery.net.cn/hrs_img.php?img_url=aHR0cDovL3QxMC5iYWlkdS5jb20vaXQvdT0zNTYxMzMyMzEwLDM1NjQ2ODUxNCZmbT01OA==\n', 'http://m.dangdang.com/product.php?pid=1900287891', u'\u65e9\u6559\u76ca\u667a'], [3, u'\u56fe\u4e66\u51b3\u6597\u6545\u4e8b/\u6545\u4e8b\u4f1a5\u5143\u7cbe\u54c1\u7cfb\u5217', u'3.60', 'http://query.viscovery.net.cn/hrs_img.php?img_url=aHR0cDovL3QxMi5iYWlkdS5jb20vaXQvdT03Mjg1MTg1MzUsNDEzOTQzMjEyNCZmbT01OA==\n', u'http://item.m.yhd.com/item/3298927', u'\u65e9\u6559\u76ca\u667a']]
2015-04-27 12:23:33,385 - baidurun.py[line:27] - INFO - ...............Finish  This Search Session and wait for next .........


